<?xml version="1.0" encoding="UTF-8"?>
<testng-results skipped="0" failed="0" ignored="0" total="6" passed="6">
  <reporter-output>
  </reporter-output>
  <suite name="Command line suite" duration-ms="128" started-at="2020-08-08T00:38:53 IST" finished-at="2020-08-08T00:38:53 IST">
    <groups>
    </groups>
    <test name="Command line test" duration-ms="128" started-at="2020-08-08T00:38:53 IST" finished-at="2020-08-08T00:38:53 IST">
      <class name="qaclickacademy.AppiumTest">
        <test-method status="PASS" signature="IOApps()[pri:0, instance:qaclickacademy.AppiumTest@72d818d1]" name="IOApps" duration-ms="8" started-at="2020-08-08T00:38:53 IST" finished-at="2020-08-08T00:38:53 IST">
          <reporter-output>
          </reporter-output>
        </test-method> <!-- IOApps -->
        <test-method status="PASS" signature="NativeAppAndroid()[pri:0, instance:qaclickacademy.AppiumTest@72d818d1]" name="NativeAppAndroid" duration-ms="1" started-at="2020-08-08T00:38:53 IST" finished-at="2020-08-08T00:38:53 IST">
          <reporter-output>
          </reporter-output>
        </test-method> <!-- NativeAppAndroid -->
      </class> <!-- qaclickacademy.AppiumTest -->
      <class name="qaclickacademy.RESTAPITest">
        <test-method status="PASS" signature="deleteTwitter()[pri:0, instance:qaclickacademy.RESTAPITest@6e06451e]" name="deleteTwitter" duration-ms="0" started-at="2020-08-08T00:38:53 IST" finished-at="2020-08-08T00:38:53 IST">
          <reporter-output>
          </reporter-output>
        </test-method> <!-- deleteTwitter -->
        <test-method status="PASS" signature="postJira()[pri:0, instance:qaclickacademy.RESTAPITest@6e06451e]" name="postJira" duration-ms="0" started-at="2020-08-08T00:38:53 IST" finished-at="2020-08-08T00:38:53 IST">
          <reporter-output>
          </reporter-output>
        </test-method> <!-- postJira -->
      </class> <!-- qaclickacademy.RESTAPITest -->
      <class name="qaclickacademy.SeleniumTest">
        <test-method status="PASS" signature="BrowserAutomation()[pri:0, instance:qaclickacademy.SeleniumTest@59494225]" name="BrowserAutomation" duration-ms="1" started-at="2020-08-08T00:38:53 IST" finished-at="2020-08-08T00:38:53 IST">
          <reporter-output>
          </reporter-output>
        </test-method> <!-- BrowserAutomation -->
        <test-method status="PASS" signature="elementsUi()[pri:0, instance:qaclickacademy.SeleniumTest@59494225]" name="elementsUi" duration-ms="0" started-at="2020-08-08T00:38:53 IST" finished-at="2020-08-08T00:38:53 IST">
          <reporter-output>
          </reporter-output>
        </test-method> <!-- elementsUi -->
      </class> <!-- qaclickacademy.SeleniumTest -->
    </test> <!-- Command line test -->
  </suite> <!-- Command line suite -->
</testng-results>
